Analysis & Synthesis report for key_debounce
Fri Nov 10 17:33:39 2023
Quartus Prime Version 17.1.0 Build 590 10/25/2017 SJ Lite Edition


---------------------
; Table of Contents ;
---------------------
  1. Legal Notice
  2. Analysis & Synthesis Summary
  3. Analysis & Synthesis Settings
  4. Parallel Compilation
  5. Analysis & Synthesis Source Files Read
  6. Analysis & Synthesis Resource Usage Summary
  7. Analysis & Synthesis Resource Utilization by Entity
  8. Registers Removed During Synthesis
  9. Removed Registers Triggering Further Register Optimizations
 10. General Register Statistics
 11. Inverted Register Statistics
 12. Parameter Settings for User Entity Instance: ax_debounce:ax_debounce_m0
 13. Parameter Settings for User Entity Instance: seg_scan:seg_scan_m0
 14. Parameter Settings for User Entity Instance: ax_pwm:ax_pwm_m0
 15. Parameter Settings for Inferred Entity Instance: lpm_divide:Div0
 16. Port Connectivity Checks: "ax_pwm:ax_pwm_m0"
 17. Port Connectivity Checks: "seg_scan:seg_scan_m0"
 18. Port Connectivity Checks: "seg_decoder:seg_decoder_m1"
 19. Port Connectivity Checks: "count_m10:count10_m1"
 20. Port Connectivity Checks: "count_m10:count10_m0"
 21. Port Connectivity Checks: "ax_debounce:ax_debounce_m0"
 22. Post-Synthesis Netlist Statistics for Top Partition
 23. Elapsed Time Per Partition
 24. Analysis & Synthesis Messages
 25. Analysis & Synthesis Suppressed Messages



----------------
; Legal Notice ;
----------------
Copyright (C) 2017  Intel Corporation. All rights reserved.
Your use of Intel Corporation's design tools, logic functions 
and other software and tools, and its AMPP partner logic 
functions, and any output files from any of the foregoing 
(including device programming or simulation files), and any 
associated documentation or information are expressly subject 
to the terms and conditions of the Intel Program License 
Subscription Agreement, the Intel Quartus Prime License Agreement,
the Intel FPGA IP License Agreement, or other applicable license
agreement, including, without limitation, that your use is for
the sole purpose of programming logic devices manufactured by
Intel and sold by Intel or its authorized distributors.  Please
refer to the applicable agreement for further details.



+----------------------------------------------------------------------------------+
; Analysis & Synthesis Summary                                                     ;
+------------------------------------+---------------------------------------------+
; Analysis & Synthesis Status        ; Successful - Fri Nov 10 17:33:39 2023       ;
; Quartus Prime Version              ; 17.1.0 Build 590 10/25/2017 SJ Lite Edition ;
; Revision Name                      ; key_debounce                                ;
; Top-level Entity Name              ; key_debounce                                ;
; Family                             ; Cyclone IV E                                ;
; Total logic elements               ; 1,173                                       ;
;     Total combinational functions  ; 1,137                                       ;
;     Dedicated logic registers      ; 239                                         ;
; Total registers                    ; 239                                         ;
; Total pins                         ; 21                                          ;
; Total virtual pins                 ; 0                                           ;
; Total memory bits                  ; 0                                           ;
; Embedded Multiplier 9-bit elements ; 0                                           ;
; Total PLLs                         ; 0                                           ;
+------------------------------------+---------------------------------------------+


+----------------------------------------------------------------------------------------------------------------------+
; Analysis & Synthesis Settings                                                                                        ;
+----------------------------------------------------------------------------+--------------------+--------------------+
; Option                                                                     ; Setting            ; Default Value      ;
+----------------------------------------------------------------------------+--------------------+--------------------+
; Device                                                                     ; EP4CE6F17C8        ;                    ;
; Top-level entity name                                                      ; key_debounce       ; key_debounce       ;
; Family name                                                                ; Cyclone IV E       ; Cyclone V          ;
; Use smart compilation                                                      ; Off                ; Off                ;
; Enable parallel Assembler and TimeQuest Timing Analyzer during compilation ; On                 ; On                 ;
; Enable compact report table                                                ; Off                ; Off                ;
; Restructure Multiplexers                                                   ; Auto               ; Auto               ;
; Create Debugging Nodes for IP Cores                                        ; Off                ; Off                ;
; Preserve fewer node names                                                  ; On                 ; On                 ;
; Intel FPGA IP Evaluation Mode                                              ; Enable             ; Enable             ;
; Verilog Version                                                            ; Verilog_2001       ; Verilog_2001       ;
; VHDL Version                                                               ; VHDL_1993          ; VHDL_1993          ;
; State Machine Processing                                                   ; Auto               ; Auto               ;
; Safe State Machine                                                         ; Off                ; Off                ;
; Extract Verilog State Machines                                             ; On                 ; On                 ;
; Extract VHDL State Machines                                                ; On                 ; On                 ;
; Ignore Verilog initial constructs                                          ; Off                ; Off                ;
; Iteration limit for constant Verilog loops                                 ; 5000               ; 5000               ;
; Iteration limit for non-constant Verilog loops                             ; 250                ; 250                ;
; Add Pass-Through Logic to Inferred RAMs                                    ; On                 ; On                 ;
; Infer RAMs from Raw Logic                                                  ; On                 ; On                 ;
; Parallel Synthesis                                                         ; On                 ; On                 ;
; DSP Block Balancing                                                        ; Auto               ; Auto               ;
; NOT Gate Push-Back                                                         ; On                 ; On                 ;
; Power-Up Don't Care                                                        ; On                 ; On                 ;
; Remove Redundant Logic Cells                                               ; Off                ; Off                ;
; Remove Duplicate Registers                                                 ; On                 ; On                 ;
; Ignore CARRY Buffers                                                       ; Off                ; Off                ;
; Ignore CASCADE Buffers                                                     ; Off                ; Off                ;
; Ignore GLOBAL Buffers                                                      ; Off                ; Off                ;
; Ignore ROW GLOBAL Buffers                                                  ; Off                ; Off                ;
; Ignore LCELL Buffers                                                       ; Off                ; Off                ;
; Ignore SOFT Buffers                                                        ; On                 ; On                 ;
; Limit AHDL Integers to 32 Bits                                             ; Off                ; Off                ;
; Optimization Technique                                                     ; Balanced           ; Balanced           ;
; Carry Chain Length                                                         ; 70                 ; 70                 ;
; Auto Carry Chains                                                          ; On                 ; On                 ;
; Auto Open-Drain Pins                                                       ; On                 ; On                 ;
; Perform WYSIWYG Primitive Resynthesis                                      ; Off                ; Off                ;
; Auto ROM Replacement                                                       ; On                 ; On                 ;
; Auto RAM Replacement                                                       ; On                 ; On                 ;
; Auto DSP Block Replacement                                                 ; On                 ; On                 ;
; Auto Shift Register Replacement                                            ; Auto               ; Auto               ;
; Allow Shift Register Merging across Hierarchies                            ; Auto               ; Auto               ;
; Auto Clock Enable Replacement                                              ; On                 ; On                 ;
; Strict RAM Replacement                                                     ; Off                ; Off                ;
; Allow Synchronous Control Signals                                          ; On                 ; On                 ;
; Force Use of Synchronous Clear Signals                                     ; Off                ; Off                ;
; Auto RAM Block Balancing                                                   ; On                 ; On                 ;
; Auto RAM to Logic Cell Conversion                                          ; Off                ; Off                ;
; Auto Resource Sharing                                                      ; Off                ; Off                ;
; Allow Any RAM Size For Recognition                                         ; Off                ; Off                ;
; Allow Any ROM Size For Recognition                                         ; Off                ; Off                ;
; Allow Any Shift Register Size For Recognition                              ; Off                ; Off                ;
; Use LogicLock Constraints during Resource Balancing                        ; On                 ; On                 ;
; Ignore translate_off and synthesis_off directives                          ; Off                ; Off                ;
; Timing-Driven Synthesis                                                    ; On                 ; On                 ;
; Report Parameter Settings                                                  ; On                 ; On                 ;
; Report Source Assignments                                                  ; On                 ; On                 ;
; Report Connectivity Checks                                                 ; On                 ; On                 ;
; Ignore Maximum Fan-Out Assignments                                         ; Off                ; Off                ;
; Synchronization Register Chain Length                                      ; 2                  ; 2                  ;
; Power Optimization During Synthesis                                        ; Normal compilation ; Normal compilation ;
; HDL message level                                                          ; Level2             ; Level2             ;
; Suppress Register Optimization Related Messages                            ; Off                ; Off                ;
; Number of Removed Registers Reported in Synthesis Report                   ; 5000               ; 5000               ;
; Number of Swept Nodes Reported in Synthesis Report                         ; 5000               ; 5000               ;
; Number of Inverted Registers Reported in Synthesis Report                  ; 100                ; 100                ;
; Clock MUX Protection                                                       ; On                 ; On                 ;
; Auto Gated Clock Conversion                                                ; Off                ; Off                ;
; Block Design Naming                                                        ; Auto               ; Auto               ;
; SDC constraint protection                                                  ; Off                ; Off                ;
; Synthesis Effort                                                           ; Auto               ; Auto               ;
; Shift Register Replacement - Allow Asynchronous Clear Signal               ; On                 ; On                 ;
; Pre-Mapping Resynthesis Optimization                                       ; Off                ; Off                ;
; Analysis & Synthesis Message Level                                         ; Medium             ; Medium             ;
; Disable Register Merging Across Hierarchies                                ; Auto               ; Auto               ;
; Resource Aware Inference For Block RAM                                     ; On                 ; On                 ;
+----------------------------------------------------------------------------+--------------------+--------------------+


+------------------------------------------+
; Parallel Compilation                     ;
+----------------------------+-------------+
; Processors                 ; Number      ;
+----------------------------+-------------+
; Number detected on machine ; 4           ;
; Maximum allowed            ; 4           ;
;                            ;             ;
; Average used               ; 1.00        ;
; Maximum used               ; 4           ;
;                            ;             ;
; Usage by Processor         ; % Time Used ;
;     Processor 1            ; 100.0%      ;
;     Processor 2            ;   0.0%      ;
;     Processor 3            ;   0.0%      ;
;     Processor 4            ;   0.0%      ;
+----------------------------+-------------+


+--------------------------------------------------------------------------------------------------------------------------------------------------------------------------------------------------------------+
; Analysis & Synthesis Source Files Read                                                                                                                                                                       ;
+----------------------------------+-----------------+------------------------------+----------------------------------------------------------------------------------------------------------------+---------+
; File Name with User-Entered Path ; Used in Netlist ; File Type                    ; File Name with Absolute Path                                                                                   ; Library ;
+----------------------------------+-----------------+------------------------------+----------------------------------------------------------------------------------------------------------------+---------+
; src/ax_pwm.v                     ; yes             ; User Verilog HDL File        ; C:/Users/professor/Documents/GitHub/fpga_projects/lab_3_Breathe-Led/06_key_debounce/src/ax_pwm.v               ;         ;
; src/seg_scan.v                   ; yes             ; User Verilog HDL File        ; C:/Users/professor/Documents/GitHub/fpga_projects/lab_3_Breathe-Led/06_key_debounce/src/seg_scan.v             ;         ;
; src/seg_decoder.v                ; yes             ; User Verilog HDL File        ; C:/Users/professor/Documents/GitHub/fpga_projects/lab_3_Breathe-Led/06_key_debounce/src/seg_decoder.v          ;         ;
; src/key_debounce.v               ; yes             ; User Verilog HDL File        ; C:/Users/professor/Documents/GitHub/fpga_projects/lab_3_Breathe-Led/06_key_debounce/src/key_debounce.v         ;         ;
; src/count_m10.v                  ; yes             ; User Verilog HDL File        ; C:/Users/professor/Documents/GitHub/fpga_projects/lab_3_Breathe-Led/06_key_debounce/src/count_m10.v            ;         ;
; src/ax_debounce.v                ; yes             ; User Verilog HDL File        ; C:/Users/professor/Documents/GitHub/fpga_projects/lab_3_Breathe-Led/06_key_debounce/src/ax_debounce.v          ;         ;
; lpm_divide.tdf                   ; yes             ; Megafunction                 ; d:/intelfpga_lite/17.1/quartus/libraries/megafunctions/lpm_divide.tdf                                          ;         ;
; abs_divider.inc                  ; yes             ; Megafunction                 ; d:/intelfpga_lite/17.1/quartus/libraries/megafunctions/abs_divider.inc                                         ;         ;
; sign_div_unsign.inc              ; yes             ; Megafunction                 ; d:/intelfpga_lite/17.1/quartus/libraries/megafunctions/sign_div_unsign.inc                                     ;         ;
; aglobal171.inc                   ; yes             ; Megafunction                 ; d:/intelfpga_lite/17.1/quartus/libraries/megafunctions/aglobal171.inc                                          ;         ;
; db/lpm_divide_ikm.tdf            ; yes             ; Auto-Generated Megafunction  ; C:/Users/professor/Documents/GitHub/fpga_projects/lab_3_Breathe-Led/06_key_debounce/db/lpm_divide_ikm.tdf      ;         ;
; db/sign_div_unsign_bnh.tdf       ; yes             ; Auto-Generated Megafunction  ; C:/Users/professor/Documents/GitHub/fpga_projects/lab_3_Breathe-Led/06_key_debounce/db/sign_div_unsign_bnh.tdf ;         ;
; db/alt_u_div_aaf.tdf             ; yes             ; Auto-Generated Megafunction  ; C:/Users/professor/Documents/GitHub/fpga_projects/lab_3_Breathe-Led/06_key_debounce/db/alt_u_div_aaf.tdf       ;         ;
; db/add_sub_7pc.tdf               ; yes             ; Auto-Generated Megafunction  ; C:/Users/professor/Documents/GitHub/fpga_projects/lab_3_Breathe-Led/06_key_debounce/db/add_sub_7pc.tdf         ;         ;
; db/add_sub_8pc.tdf               ; yes             ; Auto-Generated Megafunction  ; C:/Users/professor/Documents/GitHub/fpga_projects/lab_3_Breathe-Led/06_key_debounce/db/add_sub_8pc.tdf         ;         ;
+----------------------------------+-----------------+------------------------------+----------------------------------------------------------------------------------------------------------------+---------+


+---------------------------------------------------------+
; Analysis & Synthesis Resource Usage Summary             ;
+---------------------------------------------+-----------+
; Resource                                    ; Usage     ;
+---------------------------------------------+-----------+
; Estimated Total logic elements              ; 1,173     ;
;                                             ;           ;
; Total combinational functions               ; 1137      ;
; Logic element usage by number of LUT inputs ;           ;
;     -- 4 input functions                    ; 341       ;
;     -- 3 input functions                    ; 573       ;
;     -- <=2 input functions                  ; 223       ;
;                                             ;           ;
; Logic elements by mode                      ;           ;
;     -- normal mode                          ; 634       ;
;     -- arithmetic mode                      ; 503       ;
;                                             ;           ;
; Total registers                             ; 239       ;
;     -- Dedicated logic registers            ; 239       ;
;     -- I/O registers                        ; 0         ;
;                                             ;           ;
; I/O pins                                    ; 21        ;
;                                             ;           ;
; Embedded Multiplier 9-bit elements          ; 0         ;
;                                             ;           ;
; Maximum fan-out node                        ; clk~input ;
; Maximum fan-out                             ; 239       ;
; Total fan-out                               ; 4249      ;
; Average fan-out                             ; 3.00      ;
+---------------------------------------------+-----------+


+------------------------------------------------------------------------------------------------------------------------------------------------------------------------------------------------------------------------------------------------------------------------------------------------------------------------+
; Analysis & Synthesis Resource Utilization by Entity                                                                                                                                                                                                                                                                    ;
+----------------------------------------+---------------------+---------------------------+-------------+--------------+---------+-----------+------+--------------+---------------------------------------------------------------------------------------------------------------+---------------------+--------------+
; Compilation Hierarchy Node             ; Combinational ALUTs ; Dedicated Logic Registers ; Memory Bits ; DSP Elements ; DSP 9x9 ; DSP 18x18 ; Pins ; Virtual Pins ; Full Hierarchy Name                                                                                           ; Entity Name         ; Library Name ;
+----------------------------------------+---------------------+---------------------------+-------------+--------------+---------+-----------+------+--------------+---------------------------------------------------------------------------------------------------------------+---------------------+--------------+
; |key_debounce                          ; 1137 (275)          ; 239 (87)                  ; 0           ; 0            ; 0       ; 0         ; 21   ; 0            ; |key_debounce                                                                                                 ; key_debounce        ; work         ;
;    |ax_debounce:ax_debounce_m0|        ; 77 (77)             ; 37 (37)                   ; 0           ; 0            ; 0       ; 0         ; 0    ; 0            ; |key_debounce|ax_debounce:ax_debounce_m0                                                                      ; ax_debounce         ; work         ;
;    |ax_pwm:ax_pwm_m0|                  ; 59 (59)             ; 62 (62)                   ; 0           ; 0            ; 0       ; 0         ; 0    ; 0            ; |key_debounce|ax_pwm:ax_pwm_m0                                                                                ; ax_pwm              ; work         ;
;    |count_m10:count10_m0|              ; 5 (5)               ; 4 (4)                     ; 0           ; 0            ; 0       ; 0         ; 0    ; 0            ; |key_debounce|count_m10:count10_m0                                                                            ; count_m10           ; work         ;
;    |lpm_divide:Div0|                   ; 653 (0)             ; 0 (0)                     ; 0           ; 0            ; 0       ; 0         ; 0    ; 0            ; |key_debounce|lpm_divide:Div0                                                                                 ; lpm_divide          ; work         ;
;       |lpm_divide_ikm:auto_generated|  ; 653 (0)             ; 0 (0)                     ; 0           ; 0            ; 0       ; 0         ; 0    ; 0            ; |key_debounce|lpm_divide:Div0|lpm_divide_ikm:auto_generated                                                   ; lpm_divide_ikm      ; work         ;
;          |sign_div_unsign_bnh:divider| ; 653 (0)             ; 0 (0)                     ; 0           ; 0            ; 0       ; 0         ; 0    ; 0            ; |key_debounce|lpm_divide:Div0|lpm_divide_ikm:auto_generated|sign_div_unsign_bnh:divider                       ; sign_div_unsign_bnh ; work         ;
;             |alt_u_div_aaf:divider|    ; 653 (653)           ; 0 (0)                     ; 0           ; 0            ; 0       ; 0         ; 0    ; 0            ; |key_debounce|lpm_divide:Div0|lpm_divide_ikm:auto_generated|sign_div_unsign_bnh:divider|alt_u_div_aaf:divider ; alt_u_div_aaf       ; work         ;
;    |seg_decoder:seg_decoder_m0|        ; 7 (7)               ; 0 (0)                     ; 0           ; 0            ; 0       ; 0         ; 0    ; 0            ; |key_debounce|seg_decoder:seg_decoder_m0                                                                      ; seg_decoder         ; work         ;
;    |seg_scan:seg_scan_m0|              ; 61 (61)             ; 49 (49)                   ; 0           ; 0            ; 0       ; 0         ; 0    ; 0            ; |key_debounce|seg_scan:seg_scan_m0                                                                            ; seg_scan            ; work         ;
+----------------------------------------+---------------------+---------------------------+-------------+--------------+---------+-----------+------+--------------+---------------------------------------------------------------------------------------------------------------+---------------------+--------------+
Note: For table entries with two numbers listed, the numbers in parentheses indicate the number of resources of the given type used by the specific entity alone. The numbers listed outside of parentheses indicate the total resources of the given type used by the specific entity and all of its sub-entities in the hierarchy.


+------------------------------------------------------------------------------------------+
; Registers Removed During Synthesis                                                       ;
+---------------------------------------------+--------------------------------------------+
; Register name                               ; Reason for Removal                         ;
+---------------------------------------------+--------------------------------------------+
; ax_pwm:ax_pwm_m0|period_r[0..3,7,11,13..31] ; Stuck at GND due to stuck port data_in     ;
; ax_pwm:ax_pwm_m0|period_cnt[0..2]           ; Merged with ax_pwm:ax_pwm_m0|period_cnt[3] ;
; ax_pwm:ax_pwm_m0|period_r[4..6,8,9,12]      ; Merged with ax_pwm:ax_pwm_m0|period_r[10]  ;
; Led_period[0]                               ; Stuck at GND due to stuck port data_in     ;
; ax_pwm:ax_pwm_m0|period_cnt[3]              ; Stuck at GND due to stuck port data_in     ;
; Led_period[1..7]                            ; Stuck at GND due to stuck port data_in     ;
; seg_scan:seg_scan_m0|seg_data[7]            ; Stuck at VCC due to stuck port data_in     ;
; Led_period[30..32]                          ; Stuck at GND due to stuck port data_in     ;
; Total Number of Removed Registers = 47      ;                                            ;
+---------------------------------------------+--------------------------------------------+


+------------------------------------------------------------------------------------+
; Removed Registers Triggering Further Register Optimizations                        ;
+---------------+---------------------------+----------------------------------------+
; Register name ; Reason for Removal        ; Registers Removed due to This Register ;
+---------------+---------------------------+----------------------------------------+
; Led_period[0] ; Stuck at GND              ; Led_period[32]                         ;
;               ; due to stuck port data_in ;                                        ;
+---------------+---------------------------+----------------------------------------+


+------------------------------------------------------+
; General Register Statistics                          ;
+----------------------------------------------+-------+
; Statistic                                    ; Value ;
+----------------------------------------------+-------+
; Total registers                              ; 239   ;
; Number of registers using Synchronous Clear  ; 32    ;
; Number of registers using Synchronous Load   ; 0     ;
; Number of registers using Asynchronous Clear ; 239   ;
; Number of registers using Asynchronous Load  ; 0     ;
; Number of registers using Clock Enable       ; 5     ;
; Number of registers using Preset             ; 0     ;
+----------------------------------------------+-------+


+----------------------------------------------------+
; Inverted Register Statistics                       ;
+------------------------------------------+---------+
; Inverted Register                        ; Fan out ;
+------------------------------------------+---------+
; seg_scan:seg_scan_m0|seg_sel[0]          ; 1       ;
; seg_scan:seg_scan_m0|seg_sel[1]          ; 1       ;
; seg_scan:seg_scan_m0|seg_sel[2]          ; 1       ;
; seg_scan:seg_scan_m0|seg_sel[3]          ; 1       ;
; seg_scan:seg_scan_m0|seg_sel[4]          ; 1       ;
; seg_scan:seg_scan_m0|seg_sel[5]          ; 1       ;
; seg_scan:seg_scan_m0|seg_data[0]         ; 1       ;
; seg_scan:seg_scan_m0|seg_data[1]         ; 1       ;
; seg_scan:seg_scan_m0|seg_data[2]         ; 1       ;
; seg_scan:seg_scan_m0|seg_data[3]         ; 1       ;
; seg_scan:seg_scan_m0|seg_data[4]         ; 1       ;
; seg_scan:seg_scan_m0|seg_data[5]         ; 1       ;
; seg_scan:seg_scan_m0|seg_data[6]         ; 1       ;
; ax_debounce:ax_debounce_m0|button_out    ; 3       ;
; ax_debounce:ax_debounce_m0|button_out_d0 ; 1       ;
; Led_period[20]                           ; 5       ;
; Led_period[24]                           ; 8       ;
; Led_period[22]                           ; 6       ;
; Led_period[23]                           ; 6       ;
; Led_period[26]                           ; 6       ;
; Led_period[8]                            ; 10      ;
; Led_period[16]                           ; 6       ;
; Led_period[15]                           ; 7       ;
; Led_period[21]                           ; 5       ;
; Led_period[18]                           ; 6       ;
; Led_period[14]                           ; 6       ;
; Led_period[13]                           ; 6       ;
; Total number of inverted registers = 27  ;         ;
+------------------------------------------+---------+


+-------------------------------------------------------------------------+
; Parameter Settings for User Entity Instance: ax_debounce:ax_debounce_m0 ;
+----------------+-------+------------------------------------------------+
; Parameter Name ; Value ; Type                                           ;
+----------------+-------+------------------------------------------------+
; N              ; 32    ; Signed Integer                                 ;
; FREQ           ; 50    ; Signed Integer                                 ;
; MAX_TIME       ; 20    ; Signed Integer                                 ;
+----------------+-------+------------------------------------------------+
Note: In order to hide this table in the UI and the text report file, please set the "Show Parameter Settings in Synthesis Report" option in "Analysis and Synthesis Settings -> More Settings" to "Off".


+-------------------------------------------------------------------+
; Parameter Settings for User Entity Instance: seg_scan:seg_scan_m0 ;
+----------------+----------+---------------------------------------+
; Parameter Name ; Value    ; Type                                  ;
+----------------+----------+---------------------------------------+
; SCAN_FREQ      ; 200      ; Signed Integer                        ;
; CLK_FREQ       ; 50000000 ; Signed Integer                        ;
; SCAN_COUNT     ; 41665    ; Signed Integer                        ;
+----------------+----------+---------------------------------------+
Note: In order to hide this table in the UI and the text report file, please set the "Show Parameter Settings in Synthesis Report" option in "Analysis and Synthesis Settings -> More Settings" to "Off".


+---------------------------------------------------------------+
; Parameter Settings for User Entity Instance: ax_pwm:ax_pwm_m0 ;
+----------------+-------+--------------------------------------+
; Parameter Name ; Value ; Type                                 ;
+----------------+-------+--------------------------------------+
; N              ; 32    ; Signed Integer                       ;
+----------------+-------+--------------------------------------+
Note: In order to hide this table in the UI and the text report file, please set the "Show Parameter Settings in Synthesis Report" option in "Analysis and Synthesis Settings -> More Settings" to "Off".


+------------------------------------------------------------------+
; Parameter Settings for Inferred Entity Instance: lpm_divide:Div0 ;
+------------------------+----------------+------------------------+
; Parameter Name         ; Value          ; Type                   ;
+------------------------+----------------+------------------------+
; LPM_WIDTHN             ; 32             ; Untyped                ;
; LPM_WIDTHD             ; 33             ; Untyped                ;
; LPM_NREPRESENTATION    ; UNSIGNED       ; Untyped                ;
; LPM_DREPRESENTATION    ; UNSIGNED       ; Untyped                ;
; LPM_PIPELINE           ; 0              ; Untyped                ;
; LPM_REMAINDERPOSITIVE  ; TRUE           ; Untyped                ;
; MAXIMIZE_SPEED         ; 5              ; Untyped                ;
; CBXI_PARAMETER         ; lpm_divide_ikm ; Untyped                ;
; CARRY_CHAIN            ; MANUAL         ; Untyped                ;
; OPTIMIZE_FOR_SPEED     ; 5              ; Untyped                ;
; AUTO_CARRY_CHAINS      ; ON             ; AUTO_CARRY             ;
; IGNORE_CARRY_BUFFERS   ; OFF            ; IGNORE_CARRY           ;
; AUTO_CASCADE_CHAINS    ; ON             ; AUTO_CASCADE           ;
; IGNORE_CASCADE_BUFFERS ; OFF            ; IGNORE_CASCADE         ;
+------------------------+----------------+------------------------+
Note: In order to hide this table in the UI and the text report file, please set the "Show Parameter Settings in Synthesis Report" option in "Analysis and Synthesis Settings -> More Settings" to "Off".


+--------------------------------------------------+
; Port Connectivity Checks: "ax_pwm:ax_pwm_m0"     ;
+----------------+-------+----------+--------------+
; Port           ; Type  ; Severity ; Details      ;
+----------------+-------+----------+--------------+
; period[10..8]  ; Input ; Info     ; Stuck at VCC ;
; period[6..4]   ; Input ; Info     ; Stuck at VCC ;
; period[31..13] ; Input ; Info     ; Stuck at GND ;
; period[3..0]   ; Input ; Info     ; Stuck at GND ;
; period[12]     ; Input ; Info     ; Stuck at VCC ;
; period[11]     ; Input ; Info     ; Stuck at GND ;
; period[7]      ; Input ; Info     ; Stuck at GND ;
+----------------+-------+----------+--------------+


+--------------------------------------------------+
; Port Connectivity Checks: "seg_scan:seg_scan_m0" ;
+---------------+-------+----------+---------------+
; Port          ; Type  ; Severity ; Details       ;
+---------------+-------+----------+---------------+
; seg_data_0    ; Input ; Info     ; Stuck at VCC  ;
; seg_data_1    ; Input ; Info     ; Stuck at VCC  ;
; seg_data_2    ; Input ; Info     ; Stuck at VCC  ;
; seg_data_3    ; Input ; Info     ; Stuck at VCC  ;
; seg_data_4    ; Input ; Info     ; Stuck at VCC  ;
; seg_data_5[7] ; Input ; Info     ; Stuck at VCC  ;
+---------------+-------+----------+---------------+


+--------------------------------------------------------------------------------------------------------------------+
; Port Connectivity Checks: "seg_decoder:seg_decoder_m1"                                                             ;
+----------+--------+----------+-------------------------------------------------------------------------------------+
; Port     ; Type   ; Severity ; Details                                                                             ;
+----------+--------+----------+-------------------------------------------------------------------------------------+
; seg_data ; Output ; Info     ; Connected to dangling logic. Logic that only feeds a dangling port will be removed. ;
+----------+--------+----------+-------------------------------------------------------------------------------------+


+----------------------------------------------------------------------------------------------------------------+
; Port Connectivity Checks: "count_m10:count10_m1"                                                               ;
+------+--------+----------+-------------------------------------------------------------------------------------+
; Port ; Type   ; Severity ; Details                                                                             ;
+------+--------+----------+-------------------------------------------------------------------------------------+
; clr  ; Input  ; Info     ; Stuck at GND                                                                        ;
; t    ; Output ; Info     ; Connected to dangling logic. Logic that only feeds a dangling port will be removed. ;
+------+--------+----------+-------------------------------------------------------------------------------------+


+--------------------------------------------------+
; Port Connectivity Checks: "count_m10:count10_m0" ;
+------+-------+----------+------------------------+
; Port ; Type  ; Severity ; Details                ;
+------+-------+----------+------------------------+
; clr  ; Input ; Info     ; Stuck at GND           ;
+------+-------+----------+------------------------+


+-------------------------------------------------------------+
; Port Connectivity Checks: "ax_debounce:ax_debounce_m0"      ;
+----------------+--------+----------+------------------------+
; Port           ; Type   ; Severity ; Details                ;
+----------------+--------+----------+------------------------+
; button_posedge ; Output ; Info     ; Explicitly unconnected ;
; button_out     ; Output ; Info     ; Explicitly unconnected ;
+----------------+--------+----------+------------------------+


+-----------------------------------------------------+
; Post-Synthesis Netlist Statistics for Top Partition ;
+-----------------------+-----------------------------+
; Type                  ; Count                       ;
+-----------------------+-----------------------------+
; boundary_port         ; 21                          ;
; cycloneiii_ff         ; 239                         ;
;     CLR               ; 202                         ;
;     CLR SCLR          ; 32                          ;
;     ENA CLR           ; 5                           ;
; cycloneiii_lcell_comb ; 1151                        ;
;     arith             ; 503                         ;
;         1 data inputs ; 1                           ;
;         2 data inputs ; 84                          ;
;         3 data inputs ; 418                         ;
;     normal            ; 648                         ;
;         0 data inputs ; 26                          ;
;         1 data inputs ; 33                          ;
;         2 data inputs ; 93                          ;
;         3 data inputs ; 155                         ;
;         4 data inputs ; 341                         ;
;                       ;                             ;
; Max LUT depth         ; 91.00                       ;
; Average LUT depth     ; 55.02                       ;
+-----------------------+-----------------------------+


+-------------------------------+
; Elapsed Time Per Partition    ;
+----------------+--------------+
; Partition Name ; Elapsed Time ;
+----------------+--------------+
; Top            ; 00:00:03     ;
+----------------+--------------+


+-------------------------------+
; Analysis & Synthesis Messages ;
+-------------------------------+
Info: *******************************************************************
Info: Running Quartus Prime Analysis & Synthesis
    Info: Version 17.1.0 Build 590 10/25/2017 SJ Lite Edition
    Info: Processing started: Fri Nov 10 17:33:20 2023
Info: Command: quartus_map --read_settings_files=on --write_settings_files=off key_debounce -c key_debounce
Warning (18236): Number of processors has not been specified which may cause overloading on shared machines.  Set the global assignment NUM_PARALLEL_PROCESSORS in your QSF to an appropriate value for best performance.
Info (20030): Parallel compilation is enabled and will use 4 of the 4 processors detected
Info (12021): Found 1 design units, including 1 entities, in source file src/ax_pwm.v
    Info (12023): Found entity 1: ax_pwm File: C:/Users/professor/Documents/GitHub/fpga_projects/lab_3_Breathe-Led/06_key_debounce/src/ax_pwm.v Line: 34
Info (12021): Found 1 design units, including 1 entities, in source file src/seg_scan.v
    Info (12023): Found entity 1: seg_scan File: C:/Users/professor/Documents/GitHub/fpga_projects/lab_3_Breathe-Led/06_key_debounce/src/seg_scan.v Line: 29
Info (12021): Found 1 design units, including 1 entities, in source file src/seg_decoder.v
    Info (12023): Found entity 1: seg_decoder File: C:/Users/professor/Documents/GitHub/fpga_projects/lab_3_Breathe-Led/06_key_debounce/src/seg_decoder.v Line: 29
Info (12021): Found 1 design units, including 1 entities, in source file src/key_debounce.v
    Info (12023): Found entity 1: key_debounce File: C:/Users/professor/Documents/GitHub/fpga_projects/lab_3_Breathe-Led/06_key_debounce/src/key_debounce.v Line: 29
Info (12021): Found 1 design units, including 1 entities, in source file src/count_m10.v
    Info (12023): Found entity 1: count_m10 File: C:/Users/professor/Documents/GitHub/fpga_projects/lab_3_Breathe-Led/06_key_debounce/src/count_m10.v Line: 30
Info (12021): Found 1 design units, including 1 entities, in source file src/ax_debounce.v
    Info (12023): Found entity 1: ax_debounce File: C:/Users/professor/Documents/GitHub/fpga_projects/lab_3_Breathe-Led/06_key_debounce/src/ax_debounce.v Line: 31
Info (12127): Elaborating entity "key_debounce" for the top level hierarchy
Warning (10230): Verilog HDL assignment warning at key_debounce.v(148): truncated value with size 33 to match size of target (32) File: C:/Users/professor/Documents/GitHub/fpga_projects/lab_3_Breathe-Led/06_key_debounce/src/key_debounce.v Line: 148
Info (12128): Elaborating entity "ax_debounce" for hierarchy "ax_debounce:ax_debounce_m0" File: C:/Users/professor/Documents/GitHub/fpga_projects/lab_3_Breathe-Led/06_key_debounce/src/key_debounce.v Line: 60
Info (12128): Elaborating entity "count_m10" for hierarchy "count_m10:count10_m0" File: C:/Users/professor/Documents/GitHub/fpga_projects/lab_3_Breathe-Led/06_key_debounce/src/key_debounce.v Line: 71
Info (12128): Elaborating entity "seg_decoder" for hierarchy "seg_decoder:seg_decoder_m0" File: C:/Users/professor/Documents/GitHub/fpga_projects/lab_3_Breathe-Led/06_key_debounce/src/key_debounce.v Line: 87
Info (12128): Elaborating entity "seg_scan" for hierarchy "seg_scan:seg_scan_m0" File: C:/Users/professor/Documents/GitHub/fpga_projects/lab_3_Breathe-Led/06_key_debounce/src/key_debounce.v Line: 106
Info (12128): Elaborating entity "ax_pwm" for hierarchy "ax_pwm:ax_pwm_m0" File: C:/Users/professor/Documents/GitHub/fpga_projects/lab_3_Breathe-Led/06_key_debounce/src/key_debounce.v Line: 122
Info (278001): Inferred 1 megafunctions from design logic
    Info (278004): Inferred divider/modulo megafunction ("lpm_divide") from the following logic: "Div0" File: C:/Users/professor/Documents/GitHub/fpga_projects/lab_3_Breathe-Led/06_key_debounce/src/key_debounce.v Line: 147
Info (12130): Elaborated megafunction instantiation "lpm_divide:Div0" File: C:/Users/professor/Documents/GitHub/fpga_projects/lab_3_Breathe-Led/06_key_debounce/src/key_debounce.v Line: 147
Info (12133): Instantiated megafunction "lpm_divide:Div0" with the following parameter: File: C:/Users/professor/Documents/GitHub/fpga_projects/lab_3_Breathe-Led/06_key_debounce/src/key_debounce.v Line: 147
    Info (12134): Parameter "LPM_WIDTHN" = "32"
    Info (12134): Parameter "LPM_WIDTHD" = "33"
    Info (12134): Parameter "LPM_NREPRESENTATION" = "UNSIGNED"
    Info (12134): Parameter "LPM_DREPRESENTATION" = "UNSIGNED"
Info (12021): Found 1 design units, including 1 entities, in source file db/lpm_divide_ikm.tdf
    Info (12023): Found entity 1: lpm_divide_ikm File: C:/Users/professor/Documents/GitHub/fpga_projects/lab_3_Breathe-Led/06_key_debounce/db/lpm_divide_ikm.tdf Line: 24
Info (12021): Found 1 design units, including 1 entities, in source file db/sign_div_unsign_bnh.tdf
    Info (12023): Found entity 1: sign_div_unsign_bnh File: C:/Users/professor/Documents/GitHub/fpga_projects/lab_3_Breathe-Led/06_key_debounce/db/sign_div_unsign_bnh.tdf Line: 24
Info (12021): Found 1 design units, including 1 entities, in source file db/alt_u_div_aaf.tdf
    Info (12023): Found entity 1: alt_u_div_aaf File: C:/Users/professor/Documents/GitHub/fpga_projects/lab_3_Breathe-Led/06_key_debounce/db/alt_u_div_aaf.tdf Line: 26
Info (12021): Found 1 design units, including 1 entities, in source file db/add_sub_7pc.tdf
    Info (12023): Found entity 1: add_sub_7pc File: C:/Users/professor/Documents/GitHub/fpga_projects/lab_3_Breathe-Led/06_key_debounce/db/add_sub_7pc.tdf Line: 22
Info (12021): Found 1 design units, including 1 entities, in source file db/add_sub_8pc.tdf
    Info (12023): Found entity 1: add_sub_8pc File: C:/Users/professor/Documents/GitHub/fpga_projects/lab_3_Breathe-Led/06_key_debounce/db/add_sub_8pc.tdf Line: 22
Info (13000): Registers with preset signals will power-up high File: C:/Users/professor/Documents/GitHub/fpga_projects/lab_3_Breathe-Led/06_key_debounce/src/seg_scan.v Line: 77
Info (13003): DEV_CLRn pin will set, and not reset, register with preset signal due to NOT Gate Push-Back
Warning (13024): Output pins are stuck at VCC or GND
    Warning (13410): Pin "seg_data[7]" is stuck at VCC File: C:/Users/professor/Documents/GitHub/fpga_projects/lab_3_Breathe-Led/06_key_debounce/src/key_debounce.v Line: 34
Info (286030): Timing-Driven Synthesis is running
Info (17016): Found the following redundant logic cells in design
    Info (17048): Logic cell "lpm_divide:Div0|lpm_divide_ikm:auto_generated|sign_div_unsign_bnh:divider|alt_u_div_aaf:divider|add_sub_10_result_int[8]~6" File: C:/Users/professor/Documents/GitHub/fpga_projects/lab_3_Breathe-Led/06_key_debounce/db/alt_u_div_aaf.tdf Line: 36
    Info (17048): Logic cell "lpm_divide:Div0|lpm_divide_ikm:auto_generated|sign_div_unsign_bnh:divider|alt_u_div_aaf:divider|add_sub_11_result_int[8]~8" File: C:/Users/professor/Documents/GitHub/fpga_projects/lab_3_Breathe-Led/06_key_debounce/db/alt_u_div_aaf.tdf Line: 41
    Info (17048): Logic cell "lpm_divide:Div0|lpm_divide_ikm:auto_generated|sign_div_unsign_bnh:divider|alt_u_div_aaf:divider|add_sub_12_result_int[8]~10" File: C:/Users/professor/Documents/GitHub/fpga_projects/lab_3_Breathe-Led/06_key_debounce/db/alt_u_div_aaf.tdf Line: 46
Info (144001): Generated suppressed messages file C:/Users/professor/Documents/GitHub/fpga_projects/lab_3_Breathe-Led/06_key_debounce/output_files/key_debounce.map.smsg
Info (16010): Generating hard_block partition "hard_block:auto_generated_inst"
    Info (16011): Adding 0 node(s), including 0 DDIO, 0 PLL, 0 transceiver and 0 LCELL
Info (21057): Implemented 1208 device resources after synthesis - the final resource count might be different
    Info (21058): Implemented 3 input pins
    Info (21059): Implemented 18 output pins
    Info (21061): Implemented 1187 logic cells
Info: Quartus Prime Analysis & Synthesis was successful. 0 errors, 4 warnings
    Info: Peak virtual memory: 4773 megabytes
    Info: Processing ended: Fri Nov 10 17:33:39 2023
    Info: Elapsed time: 00:00:19
    Info: Total CPU time (on all processors): 00:00:30


+------------------------------------------+
; Analysis & Synthesis Suppressed Messages ;
+------------------------------------------+
The suppressed messages can be found in C:/Users/professor/Documents/GitHub/fpga_projects/lab_3_Breathe-Led/06_key_debounce/output_files/key_debounce.map.smsg.


